<?xml version="1.0" encoding="UTF-8"?>
<!-- Generated by org.testng.reporters.JUnitReportReporter -->
<testsuite hostname="DESKTOP-1CCS179" failures="0" tests="1" name="com.sauceDemo.testLayer.LoginpageTest" time="9.301" errors="0" timestamp="2024-01-07T09:32:16 IST" skipped="0">
  <testcase classname="com.sauceDemo.testLayer.LoginpageTest" name="verifyLoginTest" time="9.301"/>
  <system-out/>
</testsuite> <!-- com.sauceDemo.testLayer.LoginpageTest -->
